\BOOKMARK [0][-]{part.1}{\376\377\000I\000\040\000h\000a\000r\000d\000w\000a\000r\000e}{}% 1
\BOOKMARK [1][-]{section.1}{\376\377\000I\000n\000t\000r\000o\000d\000u\000z\000i\000o\000n\000e}{part.1}% 2
\BOOKMARK [1][-]{section.2}{\376\377\000A\000l\000i\000m\000e\000n\000t\000a\000z\000i\000o\000n\000e}{part.1}% 3
\BOOKMARK [1][-]{section.3}{\376\377\000S\000T\000M\0003\0002}{part.1}% 4
\BOOKMARK [1][-]{section.4}{\376\377\000S\000e\000n\000s\000o\000r\000i}{part.1}% 5
\BOOKMARK [2][-]{subsection.4.1}{\376\377\000U\000l\000t\000r\000a\000s\000u\000o\000n\000i}{section.4}% 6
\BOOKMARK [2][-]{subsection.4.2}{\376\377\000M\000P\000U\0006\0000\0005\0000}{section.4}% 7
\BOOKMARK [2][-]{subsection.4.3}{\376\377\000E\000n\000c\000o\000d\000e\000r}{section.4}% 8
\BOOKMARK [2][-]{subsection.4.4}{\376\377\000P\000S\0002\000\040\000\050\000P\000l\000a\000y\000S\000t\000a\000t\000i\000o\000n\000\040\0002\000\051\000\040\000C\000o\000n\000t\000r\000o\000l\000l\000e\000r}{section.4}% 9
\BOOKMARK [2][-]{subsection.4.5}{\376\377\000S\000e\000n\000s\000o\000r\000e\000\040\000d\000i\000\040\000b\000a\000t\000t\000e\000r\000i\000a}{section.4}% 10
\BOOKMARK [2][-]{subsection.4.6}{\376\377\000T\000e\000m\000p\000e\000r\000a\000t\000u\000r\000a}{section.4}% 11
\BOOKMARK [1][-]{section.5}{\376\377\000A\000t\000t\000u\000a\000t\000o\000r\000i}{part.1}% 12
\BOOKMARK [2][-]{subsection.5.1}{\376\377\000D\000r\000i\000v\000e\000r\000\040\000M\000o\000t\000o\000r\000i\000\040}{section.5}% 13
\BOOKMARK [2][-]{subsection.5.2}{\376\377\000M\000o\000t\000o\000r\000i}{section.5}% 14
\BOOKMARK [2][-]{subsection.5.3}{\376\377\000L\000E\000D}{section.5}% 15
\BOOKMARK [1][-]{section.6}{\376\377\000D\000o\000c\000u\000m\000e\000n\000t\000a\000z\000i\000o\000n\000i}{part.1}% 16
\BOOKMARK [0][-]{part.2}{\376\377\000I\000I\000\040\000f\000i\000r\000m\000w\000a\000r\000e}{}% 17
\BOOKMARK [1][-]{section.7}{\376\377\000D\000e\000s\000i\000g\000n}{part.2}% 18
\BOOKMARK [2][-]{subsection.7.1}{\376\377\000D\000i\000a\000g\000r\000a\000m\000m\000i\000\040\000U\000M\000L}{section.7}% 19
\BOOKMARK [3][-]{subsubsection.7.1.1}{\376\377\000U\000s\000e\000\040\000C\000a\000s\000e\000\040\000D\000i\000a\000g\000r\000a\000m\000s\000:\000\040\000D\000i\000g\000i\000t\000a\000l\000\040\000D\000r\000i\000v\000e}{subsection.7.1}% 20
\BOOKMARK [3][-]{subsubsection.7.1.2}{\376\377\000U\000s\000e\000\040\000C\000a\000s\000e\000\040\000D\000i\000a\000g\000r\000a\000m\000s\000:\000\040\000A\000n\000a\000l\000o\000g\000\040\000D\000r\000i\000v\000e}{subsection.7.1}% 21
\BOOKMARK [3][-]{subsubsection.7.1.3}{\376\377\000U\000s\000e\000\040\000C\000a\000s\000e\000\040\000D\000i\000a\000g\000r\000a\000m\000s\000:\000\040\000O\000b\000s\000t\000a\000c\000l\000e\000\040\000A\000v\000o\000i\000d\000a\000n\000c\000e}{subsection.7.1}% 22
\BOOKMARK [3][-]{subsubsection.7.1.4}{\376\377\000U\000s\000e\000\040\000C\000a\000s\000e\000\040\000D\000i\000a\000g\000r\000a\000m\000s\000:\000\040\000S\000w\000i\000t\000c\000h\000\040\000f\000r\000o\000m\000\040\000A\000n\000a\000l\000o\000g\000\040\000t\000o\000\040\000D\000i\000g\000i\000t\000a\000l}{subsection.7.1}% 23
\BOOKMARK [3][-]{subsubsection.7.1.5}{\376\377\000U\000s\000e\000\040\000C\000a\000s\000e\000\040\000D\000i\000a\000g\000r\000a\000m\000s\000:\000\040\000T\000o\000g\000g\000l\000e\000\040\000L\000e\000d}{subsection.7.1}% 24
\BOOKMARK [3][-]{subsubsection.7.1.6}{\376\377\000U\000s\000e\000\040\000C\000a\000s\000e\000\040\000D\000i\000a\000g\000r\000a\000m\000s\000:\000\040\000T\000u\000r\000n\000\040\000O\000n}{subsection.7.1}% 25
\BOOKMARK [3][-]{subsubsection.7.1.7}{\376\377\000S\000e\000q\000u\000e\000n\000c\000e\000\040\000D\000i\000a\000g\000r\000a\000m\000s}{subsection.7.1}% 26
\BOOKMARK [2][-]{subsection.7.2}{\376\377\000T\000i\000m\000e\000r}{section.7}% 27
\BOOKMARK [3][-]{subsubsection.7.2.1}{\376\377\000M\000a\000s\000t\000e\000r}{subsection.7.2}% 28
\BOOKMARK [3][-]{subsubsection.7.2.2}{\376\377\000S\000l\000a\000v\000e}{subsection.7.2}% 29
\BOOKMARK [2][-]{subsection.7.3}{\376\377\000F\000r\000e\000e\000R\000T\000O\000S}{section.7}% 30
\BOOKMARK [2][-]{subsection.7.4}{\376\377\000L\000i\000b\000r\000e\000r\000i\000e\000\040\000p\000r\000o\000d\000o\000t\000t\000e}{section.7}% 31
\BOOKMARK [3][-]{subsubsection.7.4.1}{\376\377\000L\000i\000b\000r\000e\000r\000i\000e\000\040\000M\000a\000s\000t\000e\000r}{subsection.7.4}% 32
\BOOKMARK [3][-]{subsubsection.7.4.2}{\376\377\000L\000i\000b\000r\000e\000r\000i\000e\000\040\000S\000l\000a\000v\000e}{subsection.7.4}% 33
\BOOKMARK [1][-]{section.8}{\376\377\000I\000m\000p\000l\000e\000m\000e\000n\000t\000a\000z\000i\000o\000n\000e}{part.2}% 34
\BOOKMARK [2][-]{subsection.8.1}{\376\377\000A\000D\000C}{section.8}% 35
\BOOKMARK [3][-]{subsubsection.8.1.1}{\376\377\000M\000a\000s\000t\000e\000r\000>\000a\000d\000c\000.\000h}{subsection.8.1}% 36
\BOOKMARK [3][-]{subsubsection.8.1.2}{\376\377\000M\000a\000s\000t\000e\000r\000>\000a\000d\000c\000.\000c}{subsection.8.1}% 37
\BOOKMARK [2][-]{subsection.8.2}{\376\377\000M\000a\000s\000t\000e\000r\000>\000l\000e\000d\000.\000h}{section.8}% 38
\BOOKMARK [2][-]{subsection.8.3}{\376\377\000M\000a\000s\000t\000e\000r\000>\000m\000a\000i\000n\000.\000h}{section.8}% 39
\BOOKMARK [2][-]{subsection.8.4}{\376\377\000M\000a\000s\000t\000e\000r\000>\000m\000a\000i\000n\000.\000c}{section.8}% 40
\BOOKMARK [2][-]{subsection.8.5}{\376\377\000M\000a\000s\000t\000e\000r\000>\000p\000a\000n\000d\000a\000\137\000h\000c\000s\000r\0000\0004\000\137\000d\000r\000i\000v\000e\000r\000.\000h}{section.8}% 41
\BOOKMARK [2][-]{subsection.8.6}{\376\377\000M\000a\000s\000t\000e\000r\000>\000p\000a\000n\000d\000a\000\137\000h\000c\000s\000r\0000\0004\000\137\000d\000r\000i\000v\000e\000r\000.\000c}{section.8}% 42
\BOOKMARK [2][-]{subsection.8.7}{\376\377\000M\000a\000s\000t\000e\000r\000>\000F\000r\000e\000e\000R\000T\000O\000S\000\137\000T\000a\000s\000k\000s\000.\000h}{section.8}% 43
\BOOKMARK [2][-]{subsection.8.8}{\376\377\000M\000a\000s\000t\000e\000r\000>\000F\000r\000e\000e\000R\000T\000O\000S\000\137\000T\000a\000s\000k\000s\000.\000c}{section.8}% 44
\BOOKMARK [2][-]{subsection.8.9}{\376\377\000M\000a\000s\000t\000e\000r\000>\000p\000a\000n\000d\000a\000\137\000c\000o\000m\000u\000n\000i\000c\000a\000t\000i\000o\000n\000.\000h}{section.8}% 45
\BOOKMARK [2][-]{subsection.8.10}{\376\377\000M\000a\000s\000t\000e\000r\000>\000p\000a\000n\000d\000a\000\137\000c\000o\000m\000u\000n\000i\000c\000a\000t\000i\000o\000n\000.\000c}{section.8}% 46
\BOOKMARK [2][-]{subsection.8.11}{\376\377\000M\000a\000s\000t\000e\000r\000>\000p\000a\000n\000d\000a\000\137\000m\000o\000t\000o\000r\000\137\000d\000r\000i\000v\000e\000r\000.\000h}{section.8}% 47
\BOOKMARK [2][-]{subsection.8.12}{\376\377\000M\000a\000s\000t\000e\000r\000>\000p\000a\000n\000d\000a\000\137\000m\000o\000t\000o\000r\000\137\000d\000r\000i\000v\000e\000r\000.\000c}{section.8}% 48
\BOOKMARK [2][-]{subsection.8.13}{\376\377\000M\000a\000s\000t\000e\000r\000>\000p\000a\000n\000d\000a\000\137\000m\000p\000u\0006\0000\0005\0000\000.\000h}{section.8}% 49
\BOOKMARK [2][-]{subsection.8.14}{\376\377\000M\000a\000s\000t\000e\000r\000>\000p\000a\000n\000d\000a\000\137\000m\000p\000u\0006\0000\0005\0000\000.\000c}{section.8}% 50
\BOOKMARK [2][-]{subsection.8.15}{\376\377\000M\000a\000s\000t\000e\000r\000>\000p\000a\000n\000d\000a\000\137\000p\000s\000x\000\137\000c\000o\000n\000t\000r\000o\000l\000l\000e\000r\000.\000h}{section.8}% 51
\BOOKMARK [2][-]{subsection.8.16}{\376\377\000M\000a\000s\000t\000e\000r\000>\000p\000a\000n\000d\000a\000\137\000p\000s\000x\000\137\000c\000o\000n\000t\000r\000o\000l\000l\000e\000r\000.\000c}{section.8}% 52
\BOOKMARK [2][-]{subsection.8.17}{\376\377\000S\000l\000a\000v\000e\000>\000m\000a\000i\000n\000.\000h}{section.8}% 53
\BOOKMARK [2][-]{subsection.8.18}{\376\377\000S\000l\000a\000v\000e\000>\000m\000a\000i\000n\000.\000c}{section.8}% 54
\BOOKMARK [2][-]{subsection.8.19}{\376\377\000S\000l\000a\000v\000e\000>\000p\000a\000n\000d\000a\000\137\000c\000o\000m\000u\000n\000i\000c\000a\000t\000i\000o\000n\000.\000h}{section.8}% 55
\BOOKMARK [2][-]{subsection.8.20}{\376\377\000S\000l\000a\000v\000e\000>\000p\000a\000n\000d\000a\000\137\000c\000o\000m\000u\000n\000i\000c\000a\000t\000i\000o\000n\000.\000c}{section.8}% 56
\BOOKMARK [2][-]{subsection.8.21}{\376\377\000S\000l\000a\000v\000e\000>\000p\000a\000n\000d\000a\000\137\000e\000n\000c\000o\000d\000e\000r\000.\000h}{section.8}% 57
\BOOKMARK [2][-]{subsection.8.22}{\376\377\000S\000l\000a\000v\000e\000>\000p\000a\000n\000d\000a\000\137\000e\000n\000c\000o\000d\000e\000r\000.\000c}{section.8}% 58
\BOOKMARK [2][-]{subsection.8.23}{\376\377\000S\000l\000a\000v\000e\000>\000p\000a\000n\000d\000a\000\137\000m\000o\000t\000o\000r\000\137\000d\000r\000i\000v\000e\000r\000.\000h}{section.8}% 59
\BOOKMARK [2][-]{subsection.8.24}{\376\377\000S\000l\000a\000v\000e\000>\000p\000a\000n\000d\000a\000\137\000m\000o\000t\000o\000r\000\137\000d\000r\000i\000v\000e\000r\000.\000c}{section.8}% 60
\BOOKMARK [2][-]{subsection.8.25}{\376\377\000S\000l\000a\000v\000e\000>\000F\000r\000e\000e\000R\000T\000O\000S\000\137\000T\000a\000s\000k\000s\000.\000h}{section.8}% 61
\BOOKMARK [2][-]{subsection.8.26}{\376\377\000S\000l\000a\000v\000e\000>\000F\000r\000e\000e\000R\000T\000O\000S\000\137\000T\000a\000s\000k\000s\000.\000c}{section.8}% 62
