Vivado Simulator v2021.2
Copyright 1986-1999, 2001-2021 Xilinx, Inc. All Rights Reserved.
Running: C:/Xilinx/Vivado/2021.2/bin/unwrapped/win64.o/xelab.exe --incr --debug typical --relax --mt 2 -L xil_defaultlib -L axi_infrastructure_v1_1_0 -L axi_vip_v1_1_11 -L processing_system7_vip_v1_0_13 -L axi_lite_ipif_v3_0_4 -L lib_cdc_v1_0_2 -L interrupt_control_v3_1_4 -L axi_gpio_v2_0_27 -L generic_baseblocks_v2_1_0 -L axi_register_slice_v2_1_25 -L fifo_generator_v13_2_6 -L axi_data_fifo_v2_1_24 -L axi_crossbar_v2_1_26 -L proc_sys_reset_v5_0_13 -L dist_mem_gen_v8_0_13 -L lib_pkg_v1_0_2 -L lib_srl_fifo_v1_0_2 -L lib_fifo_v1_0_15 -L axi_quad_spi_v3_2_24 -L axi_protocol_converter_v2_1_25 -L uvm -L xilinx_vip -L unisims_ver -L unimacro_ver -L secureip -L xpm --snapshot tb_Zynq_behav xil_defaultlib.tb_Zynq xil_defaultlib.glbl -log elaborate.log 
Using 2 slave threads.
Starting static elaboration
Pass Through NonSizing Optimizer
WARNING: [VRFC 10-3091] actual bit length 1 differs from formal bit length 16 for port 'IRQ_F2P' [C:/consegna/vivado/quadrature_encoder/quadrature_encoder.ip_user_files/bd/design_1/ip/design_1_processing_system7_0_0/sim/design_1_processing_system7_0_0.v:575]
WARNING: [VRFC 10-3091] actual bit length 128 differs from formal bit length 64 for port 'WR_DATA_STRB' [/scratch/proj/xbuilds/SWIP/2021.2_1021_0703/infra/XSIM/lin/.cxl.ip/incl/processing_system7_vip_v1_0_13_axi_gp.v:208]
WARNING: [VRFC 10-3091] actual bit length 12 differs from formal bit length 6 for port 'm_axi_bid' [/wrk/ci/prod/2021.2/sw/continuous/8687/packages/customer/vivado/data/ip/xilinx/processing_system7_vip_v1_0/hdl/processing_system7_vip_v1_0_vl_rfs.sv:5546]
WARNING: [VRFC 10-3091] actual bit length 12 differs from formal bit length 6 for port 'm_axi_rid' [/wrk/ci/prod/2021.2/sw/continuous/8687/packages/customer/vivado/data/ip/xilinx/processing_system7_vip_v1_0/hdl/processing_system7_vip_v1_0_vl_rfs.sv:5564]
WARNING: [VRFC 10-3091] actual bit length 128 differs from formal bit length 64 for port 'WR_DATA_STRB' [/scratch/proj/xbuilds/SWIP/2021.2_1021_0703/infra/XSIM/lin/.cxl.ip/incl/processing_system7_vip_v1_0_13_axi_gp.v:292]
WARNING: [VRFC 10-3091] actual bit length 8 differs from formal bit length 9 for port 'WR_BYTES' [/scratch/proj/xbuilds/SWIP/2021.2_1021_0703/infra/XSIM/lin/.cxl.ip/incl/processing_system7_vip_v1_0_13_axi_hp.v:80]
WARNING: [VRFC 10-3091] actual bit length 8 differs from formal bit length 9 for port 'RD_BYTES' [/scratch/proj/xbuilds/SWIP/2021.2_1021_0703/infra/XSIM/lin/.cxl.ip/incl/processing_system7_vip_v1_0_13_axi_hp.v:89]
WARNING: [VRFC 10-3091] actual bit length 12 differs from formal bit length 6 for port 'm_axi_bid' [/wrk/ci/prod/2021.2/sw/continuous/8687/packages/customer/vivado/data/ip/xilinx/processing_system7_vip_v1_0/hdl/processing_system7_vip_v1_0_vl_rfs.sv:10256]
WARNING: [VRFC 10-3091] actual bit length 12 differs from formal bit length 6 for port 'm_axi_rid' [/wrk/ci/prod/2021.2/sw/continuous/8687/packages/customer/vivado/data/ip/xilinx/processing_system7_vip_v1_0/hdl/processing_system7_vip_v1_0_vl_rfs.sv:10274]
WARNING: [VRFC 10-3091] actual bit length 32 differs from formal bit length 64 for port 'm_axi_rdata' [/wrk/ci/prod/2021.2/sw/continuous/8687/packages/customer/vivado/data/ip/xilinx/processing_system7_vip_v1_0/hdl/processing_system7_vip_v1_0_vl_rfs.sv:10275]
WARNING: [VRFC 10-3091] actual bit length 8 differs from formal bit length 9 for port 'WR_BYTES' [/scratch/proj/xbuilds/SWIP/2021.2_1021_0703/infra/XSIM/lin/.cxl.ip/incl/processing_system7_vip_v1_0_13_axi_hp.v:165]
WARNING: [VRFC 10-3091] actual bit length 8 differs from formal bit length 9 for port 'RD_BYTES' [/scratch/proj/xbuilds/SWIP/2021.2_1021_0703/infra/XSIM/lin/.cxl.ip/incl/processing_system7_vip_v1_0_13_axi_hp.v:174]
WARNING: [VRFC 10-3091] actual bit length 8 differs from formal bit length 9 for port 'WR_BYTES' [/scratch/proj/xbuilds/SWIP/2021.2_1021_0703/infra/XSIM/lin/.cxl.ip/incl/processing_system7_vip_v1_0_13_axi_hp.v:251]
WARNING: [VRFC 10-3091] actual bit length 8 differs from formal bit length 9 for port 'RD_BYTES' [/scratch/proj/xbuilds/SWIP/2021.2_1021_0703/infra/XSIM/lin/.cxl.ip/incl/processing_system7_vip_v1_0_13_axi_hp.v:260]
WARNING: [VRFC 10-3091] actual bit length 8 differs from formal bit length 9 for port 'WR_BYTES' [/scratch/proj/xbuilds/SWIP/2021.2_1021_0703/infra/XSIM/lin/.cxl.ip/incl/processing_system7_vip_v1_0_13_axi_hp.v:337]
WARNING: [VRFC 10-3091] actual bit length 8 differs from formal bit length 9 for port 'RD_BYTES' [/scratch/proj/xbuilds/SWIP/2021.2_1021_0703/infra/XSIM/lin/.cxl.ip/incl/processing_system7_vip_v1_0_13_axi_hp.v:346]
WARNING: [VRFC 10-3091] actual bit length 12 differs from formal bit length 3 for port 'm_axi_bid' [/wrk/ci/prod/2021.2/sw/continuous/8687/packages/customer/vivado/data/ip/xilinx/processing_system7_vip_v1_0/hdl/processing_system7_vip_v1_0_vl_rfs.sv:7157]
WARNING: [VRFC 10-3091] actual bit length 12 differs from formal bit length 3 for port 'm_axi_rid' [/wrk/ci/prod/2021.2/sw/continuous/8687/packages/customer/vivado/data/ip/xilinx/processing_system7_vip_v1_0/hdl/processing_system7_vip_v1_0_vl_rfs.sv:7175]
WARNING: [VRFC 10-3091] actual bit length 32 differs from formal bit length 64 for port 'm_axi_rdata' [/wrk/ci/prod/2021.2/sw/continuous/8687/packages/customer/vivado/data/ip/xilinx/processing_system7_vip_v1_0/hdl/processing_system7_vip_v1_0_vl_rfs.sv:7176]
WARNING: [VRFC 10-5021] port 'mb_reset' is not connected on this instance [C:/consegna/vivado/quadrature_encoder/quadrature_encoder.ip_user_files/bd/design_1/sim/design_1.v:601]
WARNING: [VRFC 10-5021] port 'ip2intc_irpt' is not connected on this instance [C:/consegna/vivado/quadrature_encoder/quadrature_encoder.gen/sources_1/bd/design_1/ipshared/35e8/hdl/PmodOLEDrgb_v1_0.v:259]
WARNING: [VRFC 10-5021] port 'ENET0_GMII_RXD' is not connected on this instance [C:/consegna/vivado/quadrature_encoder/quadrature_encoder.ip_user_files/bd/design_1/ip/design_1_processing_system7_0_0/sim/design_1_processing_system7_0_0.v:187]
WARNING: [VRFC 10-3027] 'ocm_wr_strb_port0' was previously declared with a different range [/wrk/ci/prod/2021.2/sw/continuous/8687/packages/customer/vivado/data/ip/xilinx/processing_system7_vip_v1_0/hdl/processing_system7_vip_v1_0_vl_rfs.sv:3809]
WARNING: [VRFC 10-5021] port 'aclk2x' is not connected on this instance [/wrk/ci/prod/2021.2/sw/continuous/8687/packages/customer/vivado/data/ip/xilinx/axi_protocol_converter_v2_1/hdl/axi_protocol_converter_v2_1_vl_rfs.v:4376]
WARNING: [VRFC 10-5021] port 'aclk2x' is not connected on this instance [/wrk/ci/prod/2021.2/sw/continuous/8687/packages/customer/vivado/data/ip/xilinx/axi_protocol_converter_v2_1/hdl/axi_protocol_converter_v2_1_vl_rfs.v:4631]
WARNING: [VRFC 10-3705] select index 64 into 'wrp_strb' is out of bounds [/wrk/ci/prod/2021.2/sw/continuous/8687/packages/customer/vivado/data/ip/xilinx/processing_system7_vip_v1_0/hdl/processing_system7_vip_v1_0_vl_rfs.sv:6134]
WARNING: [VRFC 10-3705] select index 128 into 'wrp_strb' is out of bounds [/wrk/ci/prod/2021.2/sw/continuous/8687/packages/customer/vivado/data/ip/xilinx/processing_system7_vip_v1_0/hdl/processing_system7_vip_v1_0_vl_rfs.sv:10898]
WARNING: [VRFC 10-3705] select index 128 into 'wrp_strb' is out of bounds [/wrk/ci/prod/2021.2/sw/continuous/8687/packages/customer/vivado/data/ip/xilinx/processing_system7_vip_v1_0/hdl/processing_system7_vip_v1_0_vl_rfs.sv:7772]
WARNING: [VRFC 10-3705] select index 4 into 'wr_fifo_rd_ptr' is out of bounds [/wrk/ci/prod/2021.2/sw/continuous/8687/packages/customer/vivado/data/ip/xilinx/processing_system7_vip_v1_0/hdl/processing_system7_vip_v1_0_vl_rfs.sv:7985]
WARNING: [VRFC 10-3705] select index 4 into 'ar_cnt' is out of bounds [/wrk/ci/prod/2021.2/sw/continuous/8687/packages/customer/vivado/data/ip/xilinx/processing_system7_vip_v1_0/hdl/processing_system7_vip_v1_0_vl_rfs.sv:8124]
WARNING: [VRFC 10-3705] select index 4 into 'wr_rresp_cnt' is out of bounds [/wrk/ci/prod/2021.2/sw/continuous/8687/packages/customer/vivado/data/ip/xilinx/processing_system7_vip_v1_0/hdl/processing_system7_vip_v1_0_vl_rfs.sv:8221]
WARNING: [VRFC 10-3705] select index 4 into 'rd_fifo_wr_ptr' is out of bounds [/wrk/ci/prod/2021.2/sw/continuous/8687/packages/customer/vivado/data/ip/xilinx/processing_system7_vip_v1_0/hdl/processing_system7_vip_v1_0_vl_rfs.sv:8240]
WARNING: [VRFC 10-3705] select index 4 into 'rd_cnt' is out of bounds [/wrk/ci/prod/2021.2/sw/continuous/8687/packages/customer/vivado/data/ip/xilinx/processing_system7_vip_v1_0/hdl/processing_system7_vip_v1_0_vl_rfs.sv:8381]
WARNING: [VRFC 10-3705] select index 4 into 'rresp_time_cnt' is out of bounds [/wrk/ci/prod/2021.2/sw/continuous/8687/packages/customer/vivado/data/ip/xilinx/processing_system7_vip_v1_0/hdl/processing_system7_vip_v1_0_vl_rfs.sv:8386]
WARNING: [VRFC 10-3705] select index 4 into 'rd_fifo_rd_ptr' is out of bounds [/wrk/ci/prod/2021.2/sw/continuous/8687/packages/customer/vivado/data/ip/xilinx/processing_system7_vip_v1_0/hdl/processing_system7_vip_v1_0_vl_rfs.sv:8391]
Completed static elaboration
Starting simulation data flow analysis
WARNING: [XSIM 43-4099] "C:/consegna/vivado/quadrature_encoder/quadrature_encoder.srcs/sources_1/new/quadrature_encoder.v" Line 1. Module quadrature_encoder doesn't have a timescale but at least one module in design has a timescale.
WARNING: [XSIM 43-4099] "C:/consegna/vivado/quadrature_encoder/quadrature_encoder.srcs/sources_1/new/quadrature_encoder.v" Line 1. Module quadrature_encoder doesn't have a timescale but at least one module in design has a timescale.
Completed simulation data flow analysis
Time Resolution for simulation is 1ps
Compiling package std.standard
Compiling package std.textio
Compiling package ieee.std_logic_1164
Compiling package ieee.numeric_std
Compiling package ieee.std_logic_arith
Compiling package ieee.std_logic_unsigned
Compiling package synopsys.attributes
Compiling package ieee.std_logic_misc
Compiling package axi_lite_ipif_v3_0_4.ipif_pkg
Compiling package unisim.vcomponents
Compiling package ieee.vital_timing
Compiling package ieee.vital_primitives
Compiling package unisim.vpkg
Compiling package ieee.std_logic_signed
Compiling package xpm.vcomponents
Compiling package lib_pkg_v1_0_2.lib_pkg
Compiling package xilinx_vip.axi_vip_pkg
Compiling package xilinx_vip.xil_common_vip_pkg
Compiling package std.std
Compiling module xil_defaultlib.pmod_concat_default
Compiling module xil_defaultlib.PmodOLEDrgb_pmod_bridge_0_0
Compiling architecture imp of entity axi_lite_ipif_v3_0_4.pselect_f [\pselect_f(c_ab=2,c_aw=2,c_bar="...]
Compiling architecture imp of entity axi_lite_ipif_v3_0_4.pselect_f [\pselect_f(c_ab=2,c_aw=2,c_bar="...]
Compiling architecture imp of entity axi_lite_ipif_v3_0_4.pselect_f [\pselect_f(c_ab=2,c_aw=2,c_bar="...]
Compiling architecture imp of entity axi_lite_ipif_v3_0_4.pselect_f [\pselect_f(c_ab=2,c_aw=2,c_bar="...]
Compiling architecture imp of entity axi_lite_ipif_v3_0_4.address_decoder [\address_decoder(c_bus_awidth=9,...]
Compiling architecture imp of entity axi_lite_ipif_v3_0_4.slave_attachment [\slave_attachment(c_ard_addr_ran...]
Compiling architecture imp of entity axi_lite_ipif_v3_0_4.axi_lite_ipif [\axi_lite_ipif(c_s_axi_addr_widt...]
Compiling architecture fdre_v of entity unisim.FDRE [fdre_default]
Compiling architecture fdr_v of entity unisim.FDR [fdr_default]
Compiling architecture implementation of entity lib_cdc_v1_0_2.cdc_sync [\cdc_sync(c_single_bit=0,c_vecto...]
Compiling architecture imp of entity axi_gpio_v2_0_27.GPIO_Core [\GPIO_Core(c_aw=9,c_gpio_width=4...]
Compiling architecture imp of entity axi_gpio_v2_0_27.axi_gpio [\axi_gpio(c_family="zynq",c_gpio...]
Compiling architecture pmodoledrgb_axi_gpio_0_1_arch of entity xil_defaultlib.PmodOLEDrgb_axi_gpio_0_1 [pmodoledrgb_axi_gpio_0_1_default]
Compiling architecture imp of entity axi_lite_ipif_v3_0_4.pselect_f [\pselect_f(c_ab=1,c_aw=7,c_bar="...]
Compiling architecture imp of entity axi_lite_ipif_v3_0_4.pselect_f [\pselect_f(c_ab=4,c_aw=4,c_bar="...]
Compiling architecture imp of entity axi_lite_ipif_v3_0_4.pselect_f [\pselect_f(c_ab=4,c_aw=4,c_bar="...]
Compiling architecture imp of entity axi_lite_ipif_v3_0_4.pselect_f [\pselect_f(c_ab=4,c_aw=4,c_bar="...]
Compiling architecture imp of entity axi_lite_ipif_v3_0_4.pselect_f [\pselect_f(c_ab=4,c_aw=4,c_bar="...]
Compiling architecture imp of entity axi_lite_ipif_v3_0_4.pselect_f [\pselect_f(c_ab=4,c_aw=4,c_bar="...]
Compiling architecture imp of entity axi_lite_ipif_v3_0_4.pselect_f [\pselect_f(c_ab=4,c_aw=4,c_bar="...]
Compiling architecture imp of entity axi_lite_ipif_v3_0_4.pselect_f [\pselect_f(c_ab=4,c_aw=4,c_bar="...]
Compiling architecture imp of entity axi_lite_ipif_v3_0_4.pselect_f [\pselect_f(c_ab=4,c_aw=4,c_bar="...]
Compiling architecture imp of entity axi_lite_ipif_v3_0_4.pselect_f [\pselect_f(c_ab=4,c_aw=4,c_bar="...]
Compiling architecture imp of entity axi_lite_ipif_v3_0_4.pselect_f [\pselect_f(c_ab=4,c_aw=4,c_bar="...]
Compiling architecture imp of entity axi_lite_ipif_v3_0_4.pselect_f [\pselect_f(c_ab=4,c_aw=4,c_bar="...]
Compiling architecture imp of entity axi_lite_ipif_v3_0_4.pselect_f [\pselect_f(c_ab=4,c_aw=4,c_bar="...]
Compiling architecture imp of entity axi_lite_ipif_v3_0_4.pselect_f [\pselect_f(c_ab=4,c_aw=4,c_bar="...]
Compiling architecture imp of entity axi_lite_ipif_v3_0_4.pselect_f [\pselect_f(c_ab=4,c_aw=4,c_bar="...]
Compiling architecture imp of entity axi_lite_ipif_v3_0_4.pselect_f [\pselect_f(c_ab=4,c_aw=4,c_bar="...]
Compiling architecture imp of entity axi_lite_ipif_v3_0_4.pselect_f [\pselect_f(c_ab=4,c_aw=4,c_bar="...]
Compiling architecture imp of entity axi_lite_ipif_v3_0_4.pselect_f [\pselect_f(c_ab=2,c_aw=7,c_bar="...]
Compiling architecture imp of entity axi_lite_ipif_v3_0_4.pselect_f [\pselect_f(c_ab=3,c_aw=3,c_bar="...]
Compiling architecture imp of entity axi_lite_ipif_v3_0_4.pselect_f [\pselect_f(c_ab=3,c_aw=3,c_bar="...]
Compiling architecture imp of entity axi_lite_ipif_v3_0_4.pselect_f [\pselect_f(c_ab=3,c_aw=3,c_bar="...]
Compiling architecture imp of entity axi_lite_ipif_v3_0_4.pselect_f [\pselect_f(c_ab=3,c_aw=3,c_bar="...]
Compiling architecture imp of entity axi_lite_ipif_v3_0_4.pselect_f [\pselect_f(c_ab=3,c_aw=3,c_bar="...]
Compiling architecture imp of entity axi_lite_ipif_v3_0_4.pselect_f [\pselect_f(c_ab=3,c_aw=3,c_bar="...]
Compiling architecture imp of entity axi_lite_ipif_v3_0_4.pselect_f [\pselect_f(c_ab=3,c_aw=3,c_bar="...]
Compiling architecture imp of entity axi_lite_ipif_v3_0_4.pselect_f [\pselect_f(c_ab=3,c_aw=3,c_bar="...]
Compiling architecture imp of entity axi_lite_ipif_v3_0_4.pselect_f [\pselect_f(c_ab=2,c_aw=7,c_bar="...]
Compiling architecture imp of entity axi_lite_ipif_v3_0_4.address_decoder [\address_decoder(c_bus_awidth=7,...]
Compiling architecture imp of entity axi_lite_ipif_v3_0_4.slave_attachment [\slave_attachment(c_ard_addr_ran...]
Compiling architecture imp of entity axi_lite_ipif_v3_0_4.axi_lite_ipif [\axi_lite_ipif(c_s_axi_addr_widt...]
Compiling architecture implementation of entity lib_cdc_v1_0_2.cdc_sync [\cdc_sync(c_vector_width=1,c_mtb...]
Compiling architecture fdre_v of entity unisim.FDRE [\FDRE(init='1')\]
Compiling architecture fdr_v of entity unisim.FDR [\FDR(init='1')\]
Compiling architecture implementation of entity lib_cdc_v1_0_2.cdc_sync [\cdc_sync(c_vector_width=1,c_mtb...]
Compiling architecture implementation of entity lib_cdc_v1_0_2.cdc_sync [\cdc_sync(c_vector_width=1,c_mtb...]
Compiling architecture imp of entity axi_quad_spi_v3_2_24.cross_clk_sync_fifo_1 [\cross_clk_sync_fifo_1(c_family=...]
Compiling architecture implementation of entity lib_cdc_v1_0_2.cdc_sync [\cdc_sync(c_vector_width=1)\]
Compiling architecture imp of entity axi_quad_spi_v3_2_24.counter_f [\counter_f(c_num_bits=4)(1,8)\]
Compiling module xpm.xpm_fifo_base(COMMON_CLOCK=0,FIF...
Compiling module xpm.xpm_fifo_async(FIFO_MEMORY_TYPE=...
Compiling architecture implementation of entity lib_fifo_v1_0_15.async_fifo_fg [\async_fifo_fg(c_allow_2n_depth=...]
Compiling architecture imp of entity axi_quad_spi_v3_2_24.qspi_fifo_ifmodule [\qspi_fifo_ifmodule(c_num_transf...]
Compiling architecture imp of entity axi_quad_spi_v3_2_24.qspi_occupancy_reg [\qspi_occupancy_reg(c_occupancy_...]
Compiling architecture fd_v of entity unisim.FD [\FD(init='1')\]
Compiling architecture imp of entity axi_quad_spi_v3_2_24.qspi_mode_0_module [\qspi_mode_0_module(c_sck_ratio=...]
Compiling architecture imp of entity axi_quad_spi_v3_2_24.qspi_status_slave_sel_reg [\qspi_status_slave_sel_reg(c_spi...]
Compiling architecture imp of entity axi_quad_spi_v3_2_24.reset_sync_module [reset_sync_module_default]
Compiling module xpm.xpm_cdc_sync_rst(DEST_SYNC_FF=2,...
Compiling module xpm.xpm_fifo_rst(COMMON_CLOCK=0)
Compiling module xpm.xpm_fifo_reg_bit
Compiling module xpm.xpm_counter_updn(COUNTER_WIDTH=5...
Compiling module xpm.xpm_counter_updn(RESET_VALUE=1)
Compiling module xpm.xpm_counter_updn(RESET_VALUE=2)
Compiling module xpm.xpm_counter_updn(RESET_VALUE=3)
Compiling module xpm.xpm_memory_base(MEMORY_TYPE=1,ME...
Compiling module xpm.xpm_cdc_gray(DEST_SYNC_FF=2,INIT...
Compiling module xpm.xpm_fifo_reg_vec
Compiling module xpm.xpm_cdc_gray(INIT_SYNC_FF=1,WIDT...
Compiling module xpm.xpm_fifo_reg_vec(REG_WIDTH=5)
Compiling module xpm.xpm_cdc_gray(DEST_SYNC_FF=2,INIT...
Compiling module xpm.xpm_counter_updn(COUNTER_WIDTH=2...
Compiling module xpm.xpm_fifo_base(COMMON_CLOCK=0,FIF...
Compiling module xpm.xpm_fifo_async(FIFO_MEMORY_TYPE=...
Compiling architecture imp of entity axi_quad_spi_v3_2_24.qspi_cntrl_reg [\qspi_cntrl_reg(c_s_axi_data_wid...]
Compiling architecture lut4_v of entity unisim.LUT4 [\LUT4(init="1111111111001010")(0...]
Compiling architecture fdrse_v of entity unisim.FDRSE [fdrse_default]
Compiling architecture implementation of entity axi_quad_spi_v3_2_24.soft_reset [\soft_reset(c_reset_width=16)\]
Compiling architecture implementation of entity interrupt_control_v3_1_4.interrupt_control [\interrupt_control(c_num_ce=16,c...]
Compiling architecture imp of entity axi_quad_spi_v3_2_24.qspi_core_interface [\qspi_core_interface(c_family="z...]
Compiling architecture fd_v of entity unisim.FD [fd_default]
Compiling architecture imp of entity axi_quad_spi_v3_2_24.axi_quad_spi_top [\axi_quad_spi_top(async_clk=1,c_...]
Compiling architecture imp of entity axi_quad_spi_v3_2_24.axi_quad_spi [\axi_quad_spi(async_clk=1,c_fami...]
Compiling architecture pmodoledrgb_axi_quad_spi_0_0_arch of entity xil_defaultlib.PmodOLEDrgb_axi_quad_spi_0_0 [pmodoledrgb_axi_quad_spi_0_0_def...]
Compiling module xil_defaultlib.PmodOLEDrgb_v1_0
Compiling module xil_defaultlib.design_1_PmodOLEDrgb_0_1
Compiling architecture implementation of entity lib_cdc_v1_0_2.cdc_sync [\cdc_sync(c_single_bit=0,c_mtbf_...]
Compiling architecture imp of entity axi_gpio_v2_0_27.GPIO_Core [\GPIO_Core(c_aw=9,c_all_inputs=1...]
Compiling architecture imp of entity axi_gpio_v2_0_27.axi_gpio [\axi_gpio(c_family="zynq",c_all_...]
Compiling architecture design_1_axi_gpio_0_0_arch of entity xil_defaultlib.design_1_axi_gpio_0_0 [design_1_axi_gpio_0_0_default]
Compiling architecture implementation of entity lib_cdc_v1_0_2.cdc_sync [\cdc_sync(c_single_bit=0,c_vecto...]
Compiling architecture imp of entity axi_gpio_v2_0_27.GPIO_Core [\GPIO_Core(c_aw=9,c_gpio_width=1...]
Compiling architecture imp of entity axi_gpio_v2_0_27.axi_gpio [\axi_gpio(c_family="zynq",c_gpio...]
Compiling architecture design_1_axi_gpio_0_1_arch of entity xil_defaultlib.design_1_axi_gpio_0_1 [design_1_axi_gpio_0_1_default]
Compiling module processing_system7_vip_v1_0_13.processing_system7_vip_v1_0_13_g...
Compiling module processing_system7_vip_v1_0_13.processing_system7_vip_v1_0_13_g...
Compiling module processing_system7_vip_v1_0_13.processing_system7_vip_v1_0_13_a...
Compiling module processing_system7_vip_v1_0_13.processing_system7_vip_v1_0_13_a...
Compiling module processing_system7_vip_v1_0_13.processing_system7_vip_v1_0_13_f...
Compiling module processing_system7_vip_v1_0_13.processing_system7_vip_v1_0_13_a...
Compiling module processing_system7_vip_v1_0_13.processing_system7_vip_v1_0_13_a...
Compiling module processing_system7_vip_v1_0_13.processing_system7_vip_v1_0_13_a...
Compiling module processing_system7_vip_v1_0_13.processing_system7_vip_v1_0_13_a...
Compiling module processing_system7_vip_v1_0_13.processing_system7_vip_v1_0_13_s...
Compiling module processing_system7_vip_v1_0_13.processing_system7_vip_v1_0_13_i...
Compiling module processing_system7_vip_v1_0_13.processing_system7_vip_v1_0_13_s...
Compiling module processing_system7_vip_v1_0_13.processing_system7_vip_v1_0_13_d...
Compiling module processing_system7_vip_v1_0_13.processing_system7_vip_v1_0_13_o...
Compiling module processing_system7_vip_v1_0_13.processing_system7_vip_v1_0_13_o...
Compiling module processing_system7_vip_v1_0_13.processing_system7_vip_v1_0_13_r...
Compiling module processing_system7_vip_v1_0_13.processing_system7_vip_v1_0_13_r...
Compiling module xilinx_vip.axi_vip_axi4pc(WDATA_WIDTH=32,RD...
Compiling module xilinx_vip.cb
Compiling module xilinx_vip.axi_vip_if(C_AXI_PROTOCOL=1,C_AX...
Compiling module axi_vip_v1_1_11.axi_vip_v1_1_11_top(C_AXI_PROTOC...
Compiling module processing_system7_vip_v1_0_13.processing_system7_vip_v1_0_13_a...
Compiling module processing_system7_vip_v1_0_13.processing_system7_vip_v1_0_13_a...
Compiling module xilinx_vip.axi_vip_axi4pc(WDATA_WIDTH=32,RD...
Compiling module xilinx_vip.cb
Compiling module xilinx_vip.axi_vip_if(C_AXI_PROTOCOL=1,C_AX...
Compiling module axi_vip_v1_1_11.axi_vip_v1_1_11_top(C_AXI_PROTOC...
WARNING: [VRFC 10-3705] select index 64 into 'wrp_strb' is out of bounds [/wrk/ci/prod/2021.2/sw/continuous/8687/packages/customer/vivado/data/ip/xilinx/processing_system7_vip_v1_0/hdl/processing_system7_vip_v1_0_vl_rfs.sv:6134]
Compiling module processing_system7_vip_v1_0_13.processing_system7_vip_v1_0_13_a...
Compiling module processing_system7_vip_v1_0_13.processing_system7_vip_v1_0_13_a...
Compiling module xilinx_vip.axi_vip_axi4pc(PROTOCOL=1,RID_WI...
Compiling module xilinx_vip.cb
Compiling module xilinx_vip.axi_vip_if(C_AXI_PROTOCOL=1,C_AX...
Compiling module axi_vip_v1_1_11.axi_vip_v1_1_11_top(C_AXI_PROTOC...
Compiling module processing_system7_vip_v1_0_13.processing_system7_vip_v1_0_13_i...
WARNING: [VRFC 10-3705] select index 128 into 'wrp_strb' is out of bounds [/wrk/ci/prod/2021.2/sw/continuous/8687/packages/customer/vivado/data/ip/xilinx/processing_system7_vip_v1_0/hdl/processing_system7_vip_v1_0_vl_rfs.sv:10898]
Compiling module processing_system7_vip_v1_0_13.processing_system7_vip_v1_0_13_a...
Compiling module processing_system7_vip_v1_0_13.processing_system7_vip_v1_0_13_a...
Compiling module processing_system7_vip_v1_0_13.processing_system7_vip_v1_0_13_a...
Compiling module processing_system7_vip_v1_0_13.processing_system7_vip_v1_0_13_a...
Compiling module xilinx_vip.axi_vip_axi4pc(PROTOCOL=1,RID_WI...
Compiling module xilinx_vip.cb
Compiling module xilinx_vip.axi_vip_if(C_AXI_PROTOCOL=1,C_AX...
Compiling module axi_vip_v1_1_11.axi_vip_v1_1_11_top(C_AXI_PROTOC...
WARNING: [VRFC 10-3705] select index 128 into 'wrp_strb' is out of bounds [/wrk/ci/prod/2021.2/sw/continuous/8687/packages/customer/vivado/data/ip/xilinx/processing_system7_vip_v1_0/hdl/processing_system7_vip_v1_0_vl_rfs.sv:7772]
WARNING: [VRFC 10-3705] select index 4 into 'wr_fifo_rd_ptr' is out of bounds [/wrk/ci/prod/2021.2/sw/continuous/8687/packages/customer/vivado/data/ip/xilinx/processing_system7_vip_v1_0/hdl/processing_system7_vip_v1_0_vl_rfs.sv:7985]
WARNING: [VRFC 10-3705] select index 4 into 'ar_cnt' is out of bounds [/wrk/ci/prod/2021.2/sw/continuous/8687/packages/customer/vivado/data/ip/xilinx/processing_system7_vip_v1_0/hdl/processing_system7_vip_v1_0_vl_rfs.sv:8124]
WARNING: [VRFC 10-3705] select index 4 into 'wr_rresp_cnt' is out of bounds [/wrk/ci/prod/2021.2/sw/continuous/8687/packages/customer/vivado/data/ip/xilinx/processing_system7_vip_v1_0/hdl/processing_system7_vip_v1_0_vl_rfs.sv:8221]
WARNING: [VRFC 10-3705] select index 4 into 'rd_fifo_wr_ptr' is out of bounds [/wrk/ci/prod/2021.2/sw/continuous/8687/packages/customer/vivado/data/ip/xilinx/processing_system7_vip_v1_0/hdl/processing_system7_vip_v1_0_vl_rfs.sv:8240]
WARNING: [VRFC 10-3705] select index 4 into 'rd_cnt' is out of bounds [/wrk/ci/prod/2021.2/sw/continuous/8687/packages/customer/vivado/data/ip/xilinx/processing_system7_vip_v1_0/hdl/processing_system7_vip_v1_0_vl_rfs.sv:8381]
WARNING: [VRFC 10-3705] select index 4 into 'rresp_time_cnt' is out of bounds [/wrk/ci/prod/2021.2/sw/continuous/8687/packages/customer/vivado/data/ip/xilinx/processing_system7_vip_v1_0/hdl/processing_system7_vip_v1_0_vl_rfs.sv:8386]
WARNING: [VRFC 10-3705] select index 4 into 'rd_fifo_rd_ptr' is out of bounds [/wrk/ci/prod/2021.2/sw/continuous/8687/packages/customer/vivado/data/ip/xilinx/processing_system7_vip_v1_0/hdl/processing_system7_vip_v1_0_vl_rfs.sv:8391]
Compiling module processing_system7_vip_v1_0_13.processing_system7_vip_v1_0_13_a...
Compiling module processing_system7_vip_v1_0_13.processing_system7_vip_v1_0_13(C...
Compiling module xil_defaultlib.design_1_processing_system7_0_0
Compiling module xil_defaultlib.m00_couplers_imp_15SPJYW
Compiling module xil_defaultlib.m01_couplers_imp_XU9C55
Compiling module xil_defaultlib.m02_couplers_imp_14WQB4R
Compiling module xil_defaultlib.m03_couplers_imp_YFYJ3U
Compiling module axi_infrastructure_v1_1_0.axi_infrastructure_v1_1_0_axi2ve...
Compiling module axi_infrastructure_v1_1_0.axi_infrastructure_v1_1_0_vector...
Compiling module axi_register_slice_v2_1_25.axi_register_slice_v2_1_25_axic_...
Compiling module axi_register_slice_v2_1_25.axi_register_slice_v2_1_25_axic_...
Compiling module axi_register_slice_v2_1_25.axi_register_slice_v2_1_25_axic_...
Compiling module axi_register_slice_v2_1_25.axi_register_slice_v2_1_25_axic_...
Compiling module axi_register_slice_v2_1_25.axi_register_slice_v2_1_25_axi_r...
Compiling module axi_protocol_converter_v2_1_25.axi_protocol_converter_v2_1_25_b...
Compiling module axi_protocol_converter_v2_1_25.axi_protocol_converter_v2_1_25_b...
Compiling module axi_protocol_converter_v2_1_25.axi_protocol_converter_v2_1_25_b...
Compiling module axi_protocol_converter_v2_1_25.axi_protocol_converter_v2_1_25_b...
Compiling module axi_protocol_converter_v2_1_25.axi_protocol_converter_v2_1_25_b...
Compiling module axi_protocol_converter_v2_1_25.axi_protocol_converter_v2_1_25_b...
Compiling module axi_protocol_converter_v2_1_25.axi_protocol_converter_v2_1_25_b...
Compiling module axi_protocol_converter_v2_1_25.axi_protocol_converter_v2_1_25_b...
Compiling module axi_protocol_converter_v2_1_25.axi_protocol_converter_v2_1_25_b...
Compiling module axi_protocol_converter_v2_1_25.axi_protocol_converter_v2_1_25_b...
Compiling module axi_protocol_converter_v2_1_25.axi_protocol_converter_v2_1_25_b...
Compiling module axi_protocol_converter_v2_1_25.axi_protocol_converter_v2_1_25_b...
Compiling module axi_protocol_converter_v2_1_25.axi_protocol_converter_v2_1_25_b...
Compiling module axi_infrastructure_v1_1_0.axi_infrastructure_v1_1_0_axi2ve...
Compiling module axi_infrastructure_v1_1_0.axi_infrastructure_v1_1_0_vector...
Compiling module axi_register_slice_v2_1_25.axi_register_slice_v2_1_25_axic_...
Compiling module axi_register_slice_v2_1_25.axi_register_slice_v2_1_25_axic_...
Compiling module axi_register_slice_v2_1_25.axi_register_slice_v2_1_25_axic_...
Compiling module axi_register_slice_v2_1_25.axi_register_slice_v2_1_25_axic_...
Compiling module axi_register_slice_v2_1_25.axi_register_slice_v2_1_25_axi_r...
Compiling module axi_protocol_converter_v2_1_25.axi_protocol_converter_v2_1_25_b...
Compiling module axi_protocol_converter_v2_1_25.axi_protocol_converter_v2_1_25_a...
Compiling module xil_defaultlib.design_1_auto_pc_0
Compiling module xil_defaultlib.s00_couplers_imp_UYSKKA
Compiling module axi_crossbar_v2_1_26.axi_crossbar_v2_1_26_addr_arbite...
Compiling module generic_baseblocks_v2_1_0.generic_baseblocks_v2_1_0_carry_...
Compiling module generic_baseblocks_v2_1_0.generic_baseblocks_v2_1_0_compar...
Compiling module generic_baseblocks_v2_1_0.generic_baseblocks_v2_1_0_compar...
Compiling module generic_baseblocks_v2_1_0.generic_baseblocks_v2_1_0_compar...
Compiling module generic_baseblocks_v2_1_0.generic_baseblocks_v2_1_0_compar...
Compiling module axi_crossbar_v2_1_26.axi_crossbar_v2_1_26_addr_decode...
Compiling module axi_crossbar_v2_1_26.axi_crossbar_v2_1_26_splitter(C_...
Compiling module axi_crossbar_v2_1_26.axi_crossbar_v2_1_26_splitter
Compiling module generic_baseblocks_v2_1_0.generic_baseblocks_v2_1_0_mux_en...
Compiling module generic_baseblocks_v2_1_0.generic_baseblocks_v2_1_0_mux_en...
Compiling module generic_baseblocks_v2_1_0.generic_baseblocks_v2_1_0_mux_en...
Compiling module axi_register_slice_v2_1_25.axi_register_slice_v2_1_25_axic_...
Compiling module generic_baseblocks_v2_1_0.generic_baseblocks_v2_1_0_mux_en...
Compiling module axi_crossbar_v2_1_26.axi_crossbar_v2_1_26_decerr_slav...
Compiling module axi_crossbar_v2_1_26.axi_crossbar_v2_1_26_crossbar_sa...
Compiling module axi_crossbar_v2_1_26.axi_crossbar_v2_1_26_axi_crossba...
Compiling module xil_defaultlib.design_1_xbar_0
Compiling module xil_defaultlib.design_1_ps7_0_axi_periph_0
Compiling module xil_defaultlib.quadrature_encoder
Compiling module xil_defaultlib.design_1_quadrature_encoder_0_0
Compiling architecture implementation of entity lib_cdc_v1_0_2.cdc_sync [\cdc_sync(c_vector_width=2,c_mtb...]
Compiling architecture srl16e_v of entity unisim.SRL16E [\SRL16E(init="1111111111111111")...]
Compiling architecture srl16_v of entity unisim.SRL16 [\SRL16(init="1111111111111111")(...]
Compiling architecture imp of entity proc_sys_reset_v5_0_13.lpf [\lpf(c_ext_rst_width=4,c_aux_rst...]
Compiling architecture imp of entity proc_sys_reset_v5_0_13.upcnt_n [\upcnt_n(c_size=6)\]
Compiling architecture imp of entity proc_sys_reset_v5_0_13.sequence_psr [sequence_psr_default]
Compiling architecture imp of entity proc_sys_reset_v5_0_13.proc_sys_reset [\proc_sys_reset(c_family="zynq",...]
Compiling architecture design_1_rst_ps7_0_50m_0_arch of entity xil_defaultlib.design_1_rst_ps7_0_50M_0 [design_1_rst_ps7_0_50m_0_default]
Compiling module xil_defaultlib.design_1
Compiling module unisims_ver.IOBUF
Compiling module xil_defaultlib.design_1_wrapper
Compiling module xil_defaultlib.tb_Zynq
Compiling module xil_defaultlib.glbl
Built simulation snapshot tb_Zynq_behav
